<?xml version="1.0" encoding="utf-8"?><testsuites name="pytest tests"><testsuite name="pytest" errors="0" failures="0" skipped="1" tests="71" time="53.664" timestamp="2026-09-22T11:13:47.055970+00:00" hostname="localhost"><testcase classname="tests.test_online" name="test_complete_online_flow" time="3.080" /><testcase classname="tests.test_online" name="test_portal_cookie_separated_from_admin" time="1.268" /><testcase classname="tests.test_online" name="test_another_parent_cannot_see_admission" time="0.841" /><testcase classname="tests.test_online" name="test_verified_contact_required" time="0.690" /><testcase classname="tests.test_online" name="test_internal_note_and_changes_cycle" time="0.939" /><testcase classname="tests.test_online" name="test_idempotency_and_version" time="0.929" /><testcase classname="tests.test_online" name="test_campaign_window_and_class" time="0.662" /><testcase classname="tests.test_online" name="test_upload_review_import" time="1.031" /><testcase classname="tests.test_online" name="test_otp_consumed_not_exposed" time="0.719" /><testcase classname="tests.test_online" name="test_secret_encryption_bank_queue" time="0.768" /><testcase classname="tests.test_online" name="test_bank_issue_pix_reconcile" time="0.841" /><testcase classname="tests.test_online" name="test_timeout_not_reposted" time="0.781" /><testcase classname="tests.test_online" name="test_payment_gate_also_old_enrollment_route" time="0.998" /><testcase classname="tests.test_online" name="test_webhook_auth_dedup_not_trust_body" time="0.772" /><testcase classname="tests.test_online" name="test_installments_idempotency" time="0.850" /><testcase classname="tests.test_online" name="test_connect_optin_and_payload" time="0.863" /><testcase classname="tests.test_online" name="test_connect_url_validation[http://connect.example.test]" time="0.602" /><testcase classname="tests.test_online" name="test_connect_url_validation[https://evil.example]" time="0.667" /><testcase classname="tests.test_online" name="test_connect_url_validation[https://user:pass@connect.example.test]" time="0.670" /><testcase classname="tests.test_online" name="test_connect_url_validation[https://connect.example.test/../evil]" time="1.064" /><testcase classname="tests.test_online" name="test_no_automatic_cpf_link" time="0.712" /><testcase classname="tests.test_online" name="test_profile_change_revokes_phone_verification" time="0.591" /><testcase classname="tests.test_online" name="test_password_reset_revokes_existing_session" time="1.404" /><testcase classname="tests.test_online" name="test_wrong_otp_attempts_persist" time="0.720" /><testcase classname="tests.test_online" name="test_bank_amount_mismatch_does_not_mark_paid" time="0.779" /><testcase classname="tests.test_online" name="test_connect_callback_instance_and_monotonic_status" time="0.674" /><testcase classname="tests.test_online" name="test_connect_timeout_not_automatically_retried" time="0.778" /><testcase classname="tests.test_online" name="test_periodic_reconciliation_is_idempotent" time="0.771" /><testcase classname="tests.test_online" name="test_lease_expiration_never_reissues_post" time="0.771" /><testcase classname="tests.test_online" name="test_actual_http_transport_asaas_headers" time="0.001" /><testcase classname="tests.test_online" name="test_http_transport_error_safety[301]" time="0.001" /><testcase classname="tests.test_online" name="test_http_transport_error_safety[401]" time="0.001" /><testcase classname="tests.test_online" name="test_http_transport_error_safety[429]" time="0.001" /><testcase classname="tests.test_online" name="test_http_transport_error_safety[500]" time="0.001" /><testcase classname="tests.test_online" name="test_manual_message_idempotency_rejects_different_content" time="0.805" /><testcase classname="tests.test_secretary" name="test_setup_requires_key_and_cannot_repeat" time="0.009" /><testcase classname="tests.test_secretary" name="test_health_and_security_headers" time="0.030" /><testcase classname="tests.test_secretary" name="test_auth_refresh_logout_and_replay" time="0.346" /><testcase classname="tests.test_secretary" name="test_origin_and_anonymous_access" time="0.296" /><testcase classname="tests.test_secretary" name="test_cpf_validation_and_optional_unique_cpf" time="0.384" /><testcase classname="tests.test_secretary" name="test_student_existing_person_and_date_validation" time="0.422" /><testcase classname="tests.test_secretary" name="test_guardian_search_and_duplicate_links" time="0.386" /><testcase classname="tests.test_secretary" name="test_enrollment_guardian_and_duplicate_policy" time="0.665" /><testcase classname="tests.test_secretary" name="test_capacity_suspend_release_and_version" time="0.574" /><testcase classname="tests.test_secretary" name="test_movement_and_reenrollment_preserve_history" time="0.614" /><testcase classname="tests.test_secretary" name="test_closed_period_and_structural_class_edit" time="0.360" /><testcase classname="tests.test_secretary" name="test_upload_checklist_pdf_and_integrity" time="0.850" /><testcase classname="tests.test_secretary" name="test_dangerous_upload_and_public_file_denial" time="0.498" /><testcase classname="tests.test_secretary" name="test_waiver_and_expired_document" time="0.445" /><testcase classname="tests.test_secretary" name="test_protocol_and_csv_formula_injection" time="0.283" /><testcase classname="tests.test_secretary" name="test_school_and_record_isolation" time="0.356" /><testcase classname="tests.test_secretary" name="test_viewer_forbidden_write_and_school_scope" time="0.817" /><testcase classname="tests.test_secretary" name="test_audit_append_only_and_archive" time="0.381" /><testcase classname="tests.test_secretary" name="test_failed_login_no_credential_echo" time="0.361" /><testcase classname="tests.test_secretary" name="test_cross_school_file_download_denied" time="0.350" /><testcase classname="tests.test_secretary" name="test_duplicate_request_does_not_duplicate_movement" time="0.405" /><testcase classname="tests.test_secretary" name="test_malicious_pdf_rejected" time="0.382" /><testcase classname="tests.test_secretary" name="test_postgresql_concurrent_activation_one_vacancy" time="0.243"><skipped type="pytest.skip" message="Requer PostgreSQL real para validar SELECT FOR UPDATE.">/mnt/data/pige360-release-0.3.0/pige360-self/backend/tests/test_secretary.py:200: Requer PostgreSQL real para validar SELECT FOR UPDATE.</skipped></testcase><testcase classname="tests.test_secretary_v020" name="test_official_assets_preserved_and_original_template_removed" time="0.063" /><testcase classname="tests.test_secretary_v020" name="test_pwa_manifest_and_build" time="0.025" /><testcase classname="tests.test_secretary_v020" name="test_edit_draft_preserves_student_number_year_and_event" time="0.540" /><testcase classname="tests.test_secretary_v020" name="test_draft_rejects_another_year_or_school" time="0.390" /><testcase classname="tests.test_secretary_v020" name="test_enrollment_search_filters" time="0.411" /><testcase classname="tests.test_secretary_v020" name="test_enrollment_form_allowed_draft_but_not_declaration" time="0.669" /><testcase classname="tests.test_secretary_v020" name="test_protocol_timeline_concurrency_and_receipt" time="0.456" /><testcase classname="tests.test_secretary_v020" name="test_protocol_filters_and_student_query" time="0.388" /><testcase classname="tests.test_secretary_v020" name="test_pendency_filters_exports_and_pagination" time="1.298" /><testcase classname="tests.test_secretary_v020" name="test_pending_reviewed_documents_and_export_safety" time="0.379" /><testcase classname="tests.test_secretary_v020" name="test_additions_enforce_school_and_readonly_access" time="1.074" /><testcase classname="tests.test_secretary_v020" name="test_export_rejects_truncated_results" time="0.313" /><testcase classname="tests.test_secretary_v020" name="test_upgrade_from_v010_preserves_existing_data" time="10.028" /></testsuite></testsuites>